04/27/11 04:23:59 PM - Configuring build for final release...
04/27/11 04:23:59 PM - Building message catalogs...
04/27/11 04:23:59 PM - Building Linux x86 install...  
04/27/11 04:23:59 PM - Building main.tcl...
04/27/11 04:23:59 PM - Refreshing file groups...
04/27/11 04:24:01 PM - Getting file list...
04/27/11 04:24:05 PM - Building file manifest...
04/27/11 04:24:05 PM - Saving install information...
04/27/11 04:24:06 PM - Building install...
04/27/11 04:24:07 PM - Building install executable...
04/27/11 04:24:48 PM - Linux x86 build completed in 00m49s.
04/27/11 04:24:48 PM - Installer size is 141.20 MB.
04/27/11 04:24:48 PM - Building Windows install...  
04/27/11 04:24:48 PM - Building main.tcl...
04/27/11 04:24:48 PM - Getting file list...
04/27/11 04:24:54 PM - Building file manifest...
04/27/11 04:24:54 PM - Saving install information...
04/27/11 04:24:54 PM - Building install...
04/27/11 04:24:55 PM - Building install executable...
04/27/11 04:25:36 PM - Windows build completed in 00m48s.
04/27/11 04:25:36 PM - Installer size is 145.27 MB.
04/27/11 04:25:36 PM - Building tar archive...
04/27/11 04:25:36 PM - Getting file list...
04/27/11 04:26:32 PM - Gzipping tar archive...
04/27/11 04:26:58 PM - Tar Archive build completed in 01m22s.
04/27/11 04:26:58 PM - Installer size is 138.52 MB.
04/27/11 04:26:58 PM - Building zip archive...
04/27/11 04:26:58 PM - Getting file list...
04/27/11 04:27:40 PM - Zip Archive build completed in 00m42s.
04/27/11 04:27:40 PM - Installer size is 143.17 MB.
04/27/11 04:27:40 PM - Build completed in 03m41s.
04/27/11 04:33:46 PM - Configuring build for final release...
04/27/11 04:33:46 PM - Building message catalogs...
04/27/11 04:33:46 PM - Building Linux x86 64 install...  
04/27/11 04:33:46 PM - Building main.tcl...
04/27/11 04:33:46 PM - Refreshing file groups...
04/27/11 04:33:48 PM - Getting file list...
04/27/11 04:33:53 PM - Building file manifest...
04/27/11 04:33:53 PM - Saving install information...
04/27/11 04:33:54 PM - Building install...
04/27/11 04:33:55 PM - Building install executable...
04/27/11 04:34:35 PM - Linux x86 64 build completed in 00m49s.
04/27/11 04:34:35 PM - Installer size is 140.76 MB.
04/27/11 04:34:35 PM - Building Windows install...  
04/27/11 04:34:35 PM - Building main.tcl...
04/27/11 04:34:35 PM - Getting file list...
04/27/11 04:34:40 PM - Building file manifest...
04/27/11 04:34:41 PM - Saving install information...
04/27/11 04:34:41 PM - Building install...
04/27/11 04:34:42 PM - Building install executable...
04/27/11 04:35:27 PM - Windows build completed in 00m52s.
04/27/11 04:35:27 PM - Installer size is 144.60 MB.
04/27/11 04:35:27 PM - Building tar archive...
04/27/11 04:35:27 PM - Getting file list...
04/27/11 04:35:49 PM - Gzipping tar archive...
04/27/11 04:36:16 PM - Tar Archive build completed in 00m49s.
04/27/11 04:36:16 PM - Installer size is 138.04 MB.
04/27/11 04:36:16 PM - Building zip archive...
04/27/11 04:36:16 PM - Getting file list...
04/27/11 04:36:59 PM - Zip Archive build completed in 00m43s.
04/27/11 04:36:59 PM - Installer size is 142.51 MB.
04/27/11 04:36:59 PM - Build completed in 03m13s.
